<?xml version="1.0" encoding="UTF-8"?>
<testsuite name="klondike.model.hw02.KlondikeModelTest" tests="20" skipped="0" failures="0" errors="0" timestamp="2025-10-16T19:53:21.004Z" hostname="Ankitas-MacBook-Air.local" time="0.01">
  <properties/>
  <testcase name="testMoveFoundationWorks" classname="klondike.model.hw02.KlondikeModelTest" time="0.004"/>
  <testcase name="testDiscardDrawReducesDeckDrawSize" classname="klondike.model.hw02.KlondikeModelTest" time="0.0"/>
  <testcase name="testMovePileInvalidCardMoveThrows" classname="klondike.model.hw02.KlondikeModelTest" time="0.001"/>
  <testcase name="testInvalidMoveDrawThrows" classname="klondike.model.hw02.KlondikeModelTest" time="0.001"/>
  <testcase name="testGetScoreBeforeStartThrows" classname="klondike.model.hw02.KlondikeModelTest" time="0.0"/>
  <testcase name="testGetPileHeightAndCardVisibility" classname="klondike.model.hw02.KlondikeModelTest" time="0.0"/>
  <testcase name="testNewDeckHas52UniqueCards" classname="klondike.model.hw02.KlondikeModelTest" time="0.0"/>
  <testcase name="testGetNumRowsBeforeStartThrows" classname="klondike.model.hw02.KlondikeModelTest" time="0.0"/>
  <testcase name="testGameOverReturnsFalse" classname="klondike.model.hw02.KlondikeModelTest" time="0.0"/>
  <testcase name="testGetNumFoundations" classname="klondike.model.hw02.KlondikeModelTest" time="0.0"/>
  <testcase name="testGetPileHeightBeforeStartThrows" classname="klondike.model.hw02.KlondikeModelTest" time="0.0"/>
  <testcase name="testInvalidPileMoveThrows" classname="klondike.model.hw02.KlondikeModelTest" time="0.0"/>
  <testcase name="testStartGameStartedThrows" classname="klondike.model.hw02.KlondikeModelTest" time="0.001"/>
  <testcase name="testStartGameInvalidDeckThrows" classname="klondike.model.hw02.KlondikeModelTest" time="0.0"/>
  <testcase name="testGetCardAtFoundationInvalidIndexThrows2" classname="klondike.model.hw02.KlondikeModelTest" time="0.0"/>
  <testcase name="testGetNumPilesBeforeStartThrows" classname="klondike.model.hw02.KlondikeModelTest" time="0.0"/>
  <testcase name="testGetCardAtInvalidIndexThrows" classname="klondike.model.hw02.KlondikeModelTest" time="0.0"/>
  <testcase name="testGameStartSetUpNicely" classname="klondike.model.hw02.KlondikeModelTest" time="0.001"/>
  <testcase name="testGetNumDrawBeforeStartThrows" classname="klondike.model.hw02.KlondikeModelTest" time="0.0"/>
  <testcase name="testGetDrawCardsList" classname="klondike.model.hw02.KlondikeModelTest" time="0.0"/>
  <system-out><![CDATA[]]></system-out>
  <system-err><![CDATA[]]></system-err>
</testsuite>
